<?xml version="1.0" encoding="UTF-8"?>
<Site BuildName="(empty)"
	BuildStamp="20240905-0547-Experimental"
	Name="nusshao"
	Generator="ctest-3.22.1"
	CompilerName="/usr/bin/c++"
	CompilerVersion="11.4.0"
	OSName="Linux"
	Hostname="nusshao"
	OSRelease="6.8.0-40-generic"
	OSVersion="#40~22.04.3-Ubuntu SMP PREEMPT_DYNAMIC Tue Jul 30 17:30:19 UTC 2"
	OSPlatform="x86_64"
	Is64Bits="1"
	VendorString="GenuineIntel"
	VendorID="Intel Corporation"
	FamilyID="6"
	ModelID="183"
	ProcessorCacheSize="33792"
	NumberOfLogicalCPU="28"
	NumberOfPhysicalCPU="20"
	TotalVirtualMemory="2047"
	TotalPhysicalMemory="64127"
	LogicalProcessorsPerPhysical="1"
	ProcessorClockFrequency="5500"
	>
	<Testing>
		<StartDateTime>Sep 05 13:47 +08</StartDateTime>
		<StartTestTime>1725515235</StartTestTime>
		<TestList/>
		<EndDateTime>Sep 05 13:47 +08</EndDateTime>
		<EndTestTime>1725515235</EndTestTime>
		<ElapsedMinutes>0</ElapsedMinutes>
	</Testing>
</Site>
